# JRE version: Java(TM) SE Runtime Environment (15.0.2+7) (build 15.0.2+7-27)
# Java VM: Java HotSpot(TM) 64-Bit Server VM (15.0.2+7-27, mixed mode, sharing, tiered, compressed oops, g1 gc, windows-amd64)
GC Precious Log:
 CPUs: 12 total, 12 available
 Memory: 16311M
 Large Page Support: Disabled
 NUMA Support: Disabled
 Compressed Oops: Enabled (Zero based)
 Heap Region Size: 2M
 Heap Min Capacity: 8M
 Heap Initial Capacity: 256M
 Heap Max Capacity: 4078M
 Pre-touch: Disabled
 Parallel Workers: 10
 Concurrent Workers: 3
 Concurrent Refinement Workers: 10
 Periodic GC: Disabled
Heap:
 garbage-first heap   total 331776K, used 155293K [0x0000000701200000, 0x0000000800000000)
  region size 2048K, 8 young (16384K), 2 survivors (4096K)
 Metaspace       used 21332K, capacity 21558K, committed 21888K, reserved 1069056K
  class space    used 2283K, capacity 2355K, committed 2432K, reserved 1048576K
GC Heap History (10 events):
Event: 0.313 GC heap before
{Heap before GC invocations=0 (full 0):
 garbage-first heap   total 262144K, used 28672K [0x0000000701200000, 0x0000000800000000)
  region size 2048K, 11 young (22528K), 0 survivors (0K)
 Metaspace       used 4697K, capacity 4854K, committed 4992K, reserved 1056768K
  class space    used 515K, capacity 574K, committed 640K, reserved 1048576K
}
Event: 0.318 GC heap after
{Heap after GC invocations=1 (full 0):
 garbage-first heap   total 262144K, used 12060K [0x0000000701200000, 0x0000000800000000)
  region size 2048K, 2 young (4096K), 2 survivors (4096K)
 Metaspace       used 4697K, capacity 4854K, committed 4992K, reserved 1056768K
  class space    used 515K, capacity 574K, committed 640K, reserved 1048576K
}
Event: 0.339 GC heap before
{Heap before GC invocations=1 (full 0):
 garbage-first heap   total 262144K, used 26396K [0x0000000701200000, 0x0000000800000000)
  region size 2048K, 6 young (12288K), 2 survivors (4096K)
 Metaspace       used 4748K, capacity 4854K, committed 4992K, reserved 1056768K
  class space    used 518K, capacity 574K, committed 640K, reserved 1048576K
}
Event: 0.342 GC heap after
{Heap after GC invocations=2 (full 0):
 garbage-first heap   total 262144K, used 20044K [0x0000000701200000, 0x0000000800000000)
  region size 2048K, 1 young (2048K), 1 survivors (2048K)
 Metaspace       used 4748K, capacity 4854K, committed 4992K, reserved 1056768K
  class space    used 518K, capacity 574K, committed 640K, reserved 1048576K
}
Event: 0.499 GC heap before
{Heap before GC invocations=2 (full 0):
 garbage-first heap   total 262144K, used 58956K [0x0000000701200000, 0x0000000800000000)
  region size 2048K, 20 young (40960K), 1 survivors (2048K)
 Metaspace       used 9717K, capacity 9906K, committed 10112K, reserved 1058816K
  class space    used 990K, capacity 1057K, committed 1152K, reserved 1048576K
}
Event: 0.501 GC heap after
{Heap after GC invocations=3 (full 0):
 garbage-first heap   total 262144K, used 26188K [0x0000000701200000, 0x0000000800000000)
  region size 2048K, 3 young (6144K), 3 survivors (6144K)
 Metaspace       used 9717K, capacity 9906K, committed 10112K, reserved 1058816K
  class space    used 990K, capacity 1057K, committed 1152K, reserved 1048576K
}
Event: 0.719 GC heap before
{Heap before GC invocations=3 (full 0):
 garbage-first heap   total 262144K, used 118348K [0x0000000701200000, 0x0000000800000000)
  region size 2048K, 39 young (79872K), 3 survivors (6144K)
 Metaspace       used 12880K, capacity 13086K, committed 13312K, reserved 1060864K
  class space    used 1357K, capacity 1413K, committed 1536K, reserved 1048576K
}
Event: 0.726 GC heap after
{Heap after GC invocations=4 (full 0):
 garbage-first heap   total 262144K, used 53725K [0x0000000701200000, 0x0000000800000000)
  region size 2048K, 5 young (10240K), 5 survivors (10240K)
 Metaspace       used 12880K, capacity 13086K, committed 13312K, reserved 1060864K
  class space    used 1357K, capacity 1413K, committed 1536K, reserved 1048576K
}
Event: 1.117 GC heap before
{Heap before GC invocations=4 (full 0):
 garbage-first heap   total 262144K, used 168413K [0x0000000701200000, 0x0000000800000000)
  region size 2048K, 26 young (53248K), 5 survivors (10240K)
 Metaspace       used 18991K, capacity 19184K, committed 19328K, reserved 1067008K
  class space    used 1993K, capacity 2057K, committed 2176K, reserved 1048576K
}
Event: 1.121 GC heap after
{Heap after GC invocations=5 (full 0):
 garbage-first heap   total 331776K, used 89757K [0x0000000701200000, 0x0000000800000000)
  region size 2048K, 2 young (4096K), 2 survivors (4096K)
 Metaspace       used 18991K, capacity 19184K, committed 19328K, reserved 1067008K
  class space    used 1993K, capacity 2057K, committed 2176K, reserved 1048576K
}

