# JRE version: Java(TM) SE Runtime Environment (15.0.2+7) (build 15.0.2+7-27)
# Java VM: Java HotSpot(TM) 64-Bit Server VM (15.0.2+7-27, mixed mode, sharing, tiered, compressed oops, g1 gc, windows-amd64)
GC Precious Log:
 CPUs: 12 total, 12 available
 Memory: 16311M
 Large Page Support: Disabled
 NUMA Support: Disabled
 Compressed Oops: Enabled (Zero based)
 Heap Region Size: 2M
 Heap Min Capacity: 8M
 Heap Initial Capacity: 256M
 Heap Max Capacity: 4078M
 Pre-touch: Disabled
 Parallel Workers: 10
 Concurrent Workers: 3
 Concurrent Refinement Workers: 10
 Periodic GC: Disabled
Heap:
 garbage-first heap   total 315392K, used 140414K [0x0000000701200000, 0x0000000800000000)
  region size 2048K, 11 young (22528K), 5 survivors (10240K)
 Metaspace       used 21306K, capacity 21490K, committed 21632K, reserved 1069056K
  class space    used 2283K, capacity 2355K, committed 2432K, reserved 1048576K
GC Heap History (10 events):
Event: 0.323 GC heap before
{Heap before GC invocations=0 (full 0):
 garbage-first heap   total 262144K, used 28672K [0x0000000701200000, 0x0000000800000000)
  region size 2048K, 11 young (22528K), 0 survivors (0K)
 Metaspace       used 4683K, capacity 4854K, committed 4992K, reserved 1056768K
  class space    used 515K, capacity 574K, committed 640K, reserved 1048576K
}
Event: 0.327 GC heap after
{Heap after GC invocations=1 (full 0):
 garbage-first heap   total 262144K, used 12054K [0x0000000701200000, 0x0000000800000000)
  region size 2048K, 2 young (4096K), 2 survivors (4096K)
 Metaspace       used 4683K, capacity 4854K, committed 4992K, reserved 1056768K
  class space    used 515K, capacity 574K, committed 640K, reserved 1048576K
}
Event: 0.433 GC heap before
{Heap before GC invocations=1 (full 0):
 garbage-first heap   total 262144K, used 36630K [0x0000000701200000, 0x0000000800000000)
  region size 2048K, 11 young (22528K), 2 survivors (4096K)
 Metaspace       used 6976K, capacity 7114K, committed 7296K, reserved 1056768K
  class space    used 727K, capacity 769K, committed 896K, reserved 1048576K
}
Event: 0.436 GC heap after
{Heap after GC invocations=2 (full 0):
 garbage-first heap   total 262144K, used 12975K [0x0000000701200000, 0x0000000800000000)
  region size 2048K, 2 young (4096K), 2 survivors (4096K)
 Metaspace       used 6976K, capacity 7114K, committed 7296K, reserved 1056768K
  class space    used 727K, capacity 769K, committed 896K, reserved 1048576K
}
Event: 0.552 GC heap before
{Heap before GC invocations=2 (full 0):
 garbage-first heap   total 262144K, used 55983K [0x0000000701200000, 0x0000000800000000)
  region size 2048K, 20 young (40960K), 2 survivors (4096K)
 Metaspace       used 10548K, capacity 10710K, committed 11008K, reserved 1058816K
  class space    used 1098K, capacity 1157K, committed 1280K, reserved 1048576K
}
Event: 0.555 GC heap after
{Heap after GC invocations=3 (full 0):
 garbage-first heap   total 262144K, used 24798K [0x0000000701200000, 0x0000000800000000)
  region size 2048K, 3 young (6144K), 3 survivors (6144K)
 Metaspace       used 10548K, capacity 10710K, committed 11008K, reserved 1058816K
  class space    used 1098K, capacity 1157K, committed 1280K, reserved 1048576K
}
Event: 0.925 GC heap before
{Heap before GC invocations=3 (full 0):
 garbage-first heap   total 262144K, used 143582K [0x0000000701200000, 0x0000000800000000)
  region size 2048K, 49 young (100352K), 3 survivors (6144K)
 Metaspace       used 16201K, capacity 16393K, committed 16640K, reserved 1064960K
  class space    used 1652K, capacity 1704K, committed 1792K, reserved 1048576K
}
Event: 0.931 GC heap after
{Heap after GC invocations=4 (full 0):
 garbage-first heap   total 262144K, used 44422K [0x0000000701200000, 0x0000000800000000)
  region size 2048K, 7 young (14336K), 7 survivors (14336K)
 Metaspace       used 16201K, capacity 16393K, committed 16640K, reserved 1064960K
  class space    used 1652K, capacity 1704K, committed 1792K, reserved 1048576K
}
Event: 1.112 GC heap before
{Heap before GC invocations=4 (full 0):
 garbage-first heap   total 262144K, used 120198K [0x0000000701200000, 0x0000000800000000)
  region size 2048K, 15 young (30720K), 7 survivors (14336K)
 Metaspace       used 19005K, capacity 19244K, committed 19584K, reserved 1067008K
  class space    used 1993K, capacity 2057K, committed 2176K, reserved 1048576K
}
Event: 1.116 GC heap after
{Heap after GC invocations=5 (full 0):
 garbage-first heap   total 315392K, used 68734K [0x0000000701200000, 0x0000000800000000)
  region size 2048K, 5 young (10240K), 5 survivors (10240K)
 Metaspace       used 19005K, capacity 19244K, committed 19584K, reserved 1067008K
  class space    used 1993K, capacity 2057K, committed 2176K, reserved 1048576K
}

