# JRE version: Java(TM) SE Runtime Environment (15.0.2+7) (build 15.0.2+7-27)
# Java VM: Java HotSpot(TM) 64-Bit Server VM (15.0.2+7-27, mixed mode, sharing, tiered, compressed oops, g1 gc, windows-amd64)
GC Precious Log:
 CPUs: 12 total, 12 available
 Memory: 16311M
 Large Page Support: Disabled
 NUMA Support: Disabled
 Compressed Oops: Enabled (Zero based)
 Heap Region Size: 2M
 Heap Min Capacity: 8M
 Heap Initial Capacity: 256M
 Heap Max Capacity: 4078M
 Pre-touch: Disabled
 Parallel Workers: 10
 Concurrent Workers: 3
 Concurrent Refinement Workers: 10
 Periodic GC: Disabled
Heap:
 garbage-first heap   total 315392K, used 97325K [0x0000000701200000, 0x0000000800000000)
  region size 2048K, 6 young (12288K), 1 survivors (2048K)
 Metaspace       used 21334K, capacity 21530K, committed 21888K, reserved 1069056K
  class space    used 2278K, capacity 2323K, committed 2432K, reserved 1048576K
GC Heap History (10 events):
Event: 0.311 GC heap before
{Heap before GC invocations=0 (full 0):
 garbage-first heap   total 262144K, used 28672K [0x0000000701200000, 0x0000000800000000)
  region size 2048K, 11 young (22528K), 0 survivors (0K)
 Metaspace       used 4692K, capacity 4854K, committed 4992K, reserved 1056768K
  class space    used 515K, capacity 574K, committed 640K, reserved 1048576K
}
Event: 0.315 GC heap after
{Heap after GC invocations=1 (full 0):
 garbage-first heap   total 262144K, used 12050K [0x0000000701200000, 0x0000000800000000)
  region size 2048K, 2 young (4096K), 2 survivors (4096K)
 Metaspace       used 4692K, capacity 4854K, committed 4992K, reserved 1056768K
  class space    used 515K, capacity 574K, committed 640K, reserved 1048576K
}
Event: 0.435 GC heap before
{Heap before GC invocations=1 (full 0):
 garbage-first heap   total 262144K, used 38674K [0x0000000701200000, 0x0000000800000000)
  region size 2048K, 12 young (24576K), 2 survivors (4096K)
 Metaspace       used 7714K, capacity 7858K, committed 8064K, reserved 1056768K
  class space    used 800K, capacity 865K, committed 896K, reserved 1048576K
}
Event: 0.438 GC heap after
{Heap after GC invocations=2 (full 0):
 garbage-first heap   total 262144K, used 13348K [0x0000000701200000, 0x0000000800000000)
  region size 2048K, 2 young (4096K), 2 survivors (4096K)
 Metaspace       used 7714K, capacity 7858K, committed 8064K, reserved 1056768K
  class space    used 800K, capacity 865K, committed 896K, reserved 1048576K
}
Event: 0.535 GC heap before
{Heap before GC invocations=2 (full 0):
 garbage-first heap   total 262144K, used 54308K [0x0000000701200000, 0x0000000800000000)
  region size 2048K, 19 young (38912K), 2 survivors (4096K)
 Metaspace       used 10486K, capacity 10712K, committed 11008K, reserved 1058816K
  class space    used 1090K, capacity 1155K, committed 1280K, reserved 1048576K
}
Event: 0.537 GC heap after
{Heap after GC invocations=3 (full 0):
 garbage-first heap   total 262144K, used 24878K [0x0000000701200000, 0x0000000800000000)
  region size 2048K, 3 young (6144K), 3 survivors (6144K)
 Metaspace       used 10486K, capacity 10712K, committed 11008K, reserved 1058816K
  class space    used 1090K, capacity 1155K, committed 1280K, reserved 1048576K
}
Event: 1.100 GC heap before
{Heap before GC invocations=3 (full 0):
 garbage-first heap   total 262144K, used 221486K [0x0000000701200000, 0x0000000800000000)
  region size 2048K, 58 young (118784K), 3 survivors (6144K)
 Metaspace       used 19011K, capacity 19188K, committed 19328K, reserved 1067008K
  class space    used 1993K, capacity 2057K, committed 2176K, reserved 1048576K
}
Event: 1.107 GC heap after
{Heap after GC invocations=4 (full 0):
 garbage-first heap   total 262144K, used 76104K [0x0000000701200000, 0x0000000800000000)
  region size 2048K, 8 young (16384K), 8 survivors (16384K)
 Metaspace       used 19011K, capacity 19188K, committed 19328K, reserved 1067008K
  class space    used 1993K, capacity 2057K, committed 2176K, reserved 1048576K
}
Event: 1.227 GC heap before
{Heap before GC invocations=5 (full 0):
 garbage-first heap   total 262144K, used 123208K [0x0000000701200000, 0x0000000800000000)
  region size 2048K, 9 young (18432K), 8 survivors (16384K)
 Metaspace       used 19414K, capacity 19636K, committed 19840K, reserved 1067008K
  class space    used 2037K, capacity 2121K, committed 2176K, reserved 1048576K
}
Event: 1.250 GC heap after
{Heap after GC invocations=6 (full 0):
 garbage-first heap   total 315392K, used 72749K [0x0000000701200000, 0x0000000800000000)
  region size 2048K, 1 young (2048K), 1 survivors (2048K)
 Metaspace       used 19414K, capacity 19636K, committed 19840K, reserved 1067008K
  class space    used 2037K, capacity 2121K, committed 2176K, reserved 1048576K
}

